2023-09-19 13:35:05,299 INFO o.a.j.u.JMeterUtils: Setting Locale to en_EN
2023-09-19 13:35:05,350 INFO o.a.j.JMeter: Loading user properties from: /usr/local/Cellar/jmeter/5.6.2/libexec/bin/user.properties
2023-09-19 13:35:05,351 INFO o.a.j.JMeter: Loading system properties from: /usr/local/Cellar/jmeter/5.6.2/libexec/bin/system.properties
2023-09-19 13:35:05,362 INFO o.a.j.JMeter: Copyright (c) 1998-2023 The Apache Software Foundation
2023-09-19 13:35:05,362 INFO o.a.j.JMeter: Version 5.6.2
2023-09-19 13:35:05,363 INFO o.a.j.JMeter: java.version=17.0.8.1
2023-09-19 13:35:05,363 INFO o.a.j.JMeter: java.vm.name=OpenJDK 64-Bit Server VM
2023-09-19 13:35:05,363 INFO o.a.j.JMeter: os.name=Mac OS X
2023-09-19 13:35:05,363 INFO o.a.j.JMeter: os.arch=x86_64
2023-09-19 13:35:05,363 INFO o.a.j.JMeter: os.version=13.4.1
2023-09-19 13:35:05,363 INFO o.a.j.JMeter: file.encoding=UTF-8
2023-09-19 13:35:05,364 INFO o.a.j.JMeter: java.awt.headless=null
2023-09-19 13:35:05,364 INFO o.a.j.JMeter: Max memory     =1073741824
2023-09-19 13:35:05,364 INFO o.a.j.JMeter: Available Processors =8
2023-09-19 13:35:05,376 INFO o.a.j.JMeter: Default Locale=English (EN)
2023-09-19 13:35:05,377 INFO o.a.j.JMeter: JMeter  Locale=English (EN)
2023-09-19 13:35:05,377 INFO o.a.j.JMeter: JMeterHome=/usr/local/Cellar/jmeter/5.6.2/libexec
2023-09-19 13:35:05,378 INFO o.a.j.JMeter: user.dir  =/Users/shanchu/IdeaProjects/damaoshop/shop-parent
2023-09-19 13:35:05,378 INFO o.a.j.JMeter: PWD       =/Users/shanchu/IdeaProjects/damaoshop/shop-parent
2023-09-19 13:35:05,381 INFO o.a.j.JMeter: IP: 192.168.1.178 Name: shans-MBP FullName: shans-mbp
2023-09-19 13:35:05,399 INFO o.a.j.JMeter: Loaded icon properties from org/apache/jmeter/images/icon.properties
2023-09-19 13:35:07,146 INFO o.a.j.JMeterGuiLauncher: Setting LAF to: com.github.weisj.darklaf.DarkLaf:com.github.weisj.darklaf.theme.DarculaTheme
2023-09-19 13:35:11,027 INFO o.a.j.r.ClassFinder: Will scan jar /usr/local/Cellar/jmeter/5.6.2/libexec/lib/ext/jmeter-plugins-manager-1.9.jar with filter ExtendsClassFilter [parents=[interface org.apache.jmeter.gui.action.Command], inner=false, contains=null, notContains=null]. Consider exposing JMeter plugins via META-INF/services, and add JMeter-Skip-Class-Scanning=true manifest attribute so JMeter can skip classfile scanning
2023-09-19 13:35:11,205 INFO o.a.j.r.ClassFinder: Will scan jar /usr/local/Cellar/jmeter/5.6.2/libexec/lib/ext/jmeter-plugins-manager-1.9.jar with filter ExtendsClassFilter [parents=[interface org.apache.jmeter.gui.plugin.MenuCreator], inner=false, contains=null, notContains=null]. Consider exposing JMeter plugins via META-INF/services, and add JMeter-Skip-Class-Scanning=true manifest attribute so JMeter can skip classfile scanning
2023-09-19 13:35:11,453 INFO o.j.r.JARSourceHTTP: Requesting https://jmeter-plugins.org/repo/?installID=mac_os_x-e0ec6f36e69e8700daa95b379cf0ad8f-gui
2023-09-19 13:35:12,810 INFO o.j.r.PluginManager: Plugins Status: [jpgc-plugins-manager=1.9, jmeter-core=5.6.2, jmeter-ftp=5.6.2, jmeter-http=5.6.2, jmeter-jdbc=5.6.2, jmeter-jms=5.6.2, jmeter-junit=5.6.2, jmeter-java=5.6.2, jmeter-ldap=5.6.2, jmeter-mail=5.6.2, jmeter-mongodb=5.6.2, jmeter-native=5.6.2, jmeter-tcp=5.6.2, jmeter-components=5.6.2]
2023-09-19 13:35:12,811 INFO o.j.r.PluginManagerMenuItem: Plugins Manager has upgrades: [jpgc-plugins-manager]
2023-09-19 13:36:56,291 INFO o.a.j.p.h.s.HTTPSamplerBase: Parser for text/html is org.apache.jmeter.protocol.http.parser.LagartoBasedHtmlParser
2023-09-19 13:36:56,291 INFO o.a.j.p.h.s.HTTPSamplerBase: Parser for application/xhtml+xml is org.apache.jmeter.protocol.http.parser.LagartoBasedHtmlParser
2023-09-19 13:36:56,291 INFO o.a.j.p.h.s.HTTPSamplerBase: Parser for application/xml is org.apache.jmeter.protocol.http.parser.LagartoBasedHtmlParser
2023-09-19 13:36:56,292 INFO o.a.j.p.h.s.HTTPSamplerBase: Parser for text/xml is org.apache.jmeter.protocol.http.parser.LagartoBasedHtmlParser
2023-09-19 13:36:56,292 INFO o.a.j.p.h.s.HTTPSamplerBase: Parser for text/vnd.wap.wml is org.apache.jmeter.protocol.http.parser.RegexpHTMLParser
2023-09-19 13:36:56,292 INFO o.a.j.p.h.s.HTTPSamplerBase: Parser for text/css is org.apache.jmeter.protocol.http.parser.CssParser
2023-09-19 13:38:31,166 INFO o.a.j.s.FileServer: Default base='/Users/shanchu/IdeaProjects/damaoshop/shop-parent'
2023-09-19 13:38:31,169 INFO o.a.j.s.FileServer: Set new base='/Users/shanchu/IdeaProjects/damaoshop/shop-parent'
2023-09-19 13:38:31,459 INFO o.a.j.s.SaveService: Testplan (JMX) version: 2.2. Testlog (JTL) version: 2.2
2023-09-19 13:38:31,469 INFO o.a.j.s.SaveService: Using SaveService properties version 5.0
2023-09-19 13:38:31,472 INFO o.a.j.s.SaveService: Using SaveService properties file encoding UTF-8
2023-09-19 13:38:31,505 INFO o.a.j.e.StandardJMeterEngine: Running the test!
2023-09-19 13:38:31,506 INFO o.a.j.s.SampleEvent: List of sample_variables: []
2023-09-19 13:38:31,506 INFO o.a.j.s.SampleEvent: List of sample_variables: []
2023-09-19 13:38:31,508 INFO o.a.j.e.u.CompoundVariable: Note: Function class names must contain the string: '.functions.'
2023-09-19 13:38:31,508 INFO o.a.j.e.u.CompoundVariable: Note: Function class names must not contain the string: '.gui.'
2023-09-19 13:38:31,665 INFO o.a.j.r.ClassFinder: Will scan jar /usr/local/Cellar/jmeter/5.6.2/libexec/lib/ext/jmeter-plugins-manager-1.9.jar with filter ExtendsClassFilter [parents=[interface org.apache.jmeter.functions.Function], inner=false, contains=null, notContains=null]. Consider exposing JMeter plugins via META-INF/services, and add JMeter-Skip-Class-Scanning=true manifest attribute so JMeter can skip classfile scanning
2023-09-19 13:38:31,670 INFO o.a.j.g.u.JMeterMenuBar: setRunning(true, *local*)
2023-09-19 13:38:31,731 INFO o.a.j.e.StandardJMeterEngine: Starting ThreadGroup: 1 : Thread Group
2023-09-19 13:38:31,732 INFO o.a.j.e.StandardJMeterEngine: Starting 50 threads for group Thread Group.
2023-09-19 13:38:31,732 INFO o.a.j.e.StandardJMeterEngine: Thread will continue on error
2023-09-19 13:38:31,735 INFO o.a.j.t.ThreadGroup: Starting thread group... number=1 threads=50 ramp-up=1 delayedStart=false
2023-09-19 13:38:31,743 INFO o.a.j.t.JMeterThread: Thread started: Thread Group 1-1
2023-09-19 13:38:31,760 INFO o.a.j.p.h.s.HTTPHCAbstractImpl: Local host = shans-MBP
2023-09-19 13:38:31,761 INFO o.a.j.t.JMeterThread: Thread started: Thread Group 1-2
2023-09-19 13:38:31,770 INFO o.a.j.p.h.s.HTTPHC4Impl: HTTP request retry count = 0
2023-09-19 13:38:31,771 INFO o.a.j.s.SampleResult: Note: Sample TimeStamps are START times
2023-09-19 13:38:31,772 INFO o.a.j.s.SampleResult: sampleresult.default.encoding is set to UTF-8
2023-09-19 13:38:31,772 INFO o.a.j.s.SampleResult: sampleresult.useNanoTime=true
2023-09-19 13:38:31,772 INFO o.a.j.s.SampleResult: sampleresult.nanoThreadSleep=5000
2023-09-19 13:38:31,783 INFO o.a.j.t.JMeterThread: Thread started: Thread Group 1-3
2023-09-19 13:38:31,789 INFO o.a.j.t.ThreadGroup: Started thread group number 1
2023-09-19 13:38:31,789 INFO o.a.j.e.StandardJMeterEngine: All thread groups have been started
2023-09-19 13:38:31,799 INFO o.a.j.t.JMeterThread: Thread started: Thread Group 1-4
2023-09-19 13:38:31,819 INFO o.a.j.t.JMeterThread: Thread started: Thread Group 1-5
2023-09-19 13:38:31,836 INFO o.a.j.t.JMeterThread: Thread started: Thread Group 1-6
2023-09-19 13:38:31,860 INFO o.a.j.t.JMeterThread: Thread started: Thread Group 1-7
2023-09-19 13:38:31,877 INFO o.a.j.t.JMeterThread: Thread started: Thread Group 1-8
2023-09-19 13:38:31,899 INFO o.a.j.t.JMeterThread: Thread started: Thread Group 1-9
2023-09-19 13:38:31,921 INFO o.a.j.t.JMeterThread: Thread started: Thread Group 1-10
2023-09-19 13:38:31,941 INFO o.a.j.t.JMeterThread: Thread started: Thread Group 1-11
2023-09-19 13:38:31,960 INFO o.a.j.t.JMeterThread: Thread started: Thread Group 1-12
2023-09-19 13:38:31,981 INFO o.a.j.t.JMeterThread: Thread started: Thread Group 1-13
2023-09-19 13:38:32,000 INFO o.a.j.t.JMeterThread: Thread started: Thread Group 1-14
2023-09-19 13:38:32,019 INFO o.a.j.t.JMeterThread: Thread started: Thread Group 1-15
2023-09-19 13:38:32,041 INFO o.a.j.t.JMeterThread: Thread started: Thread Group 1-16
2023-09-19 13:38:32,057 INFO o.a.j.t.JMeterThread: Thread started: Thread Group 1-17
2023-09-19 13:38:32,081 INFO o.a.j.t.JMeterThread: Thread started: Thread Group 1-18
2023-09-19 13:38:32,101 INFO o.a.j.t.JMeterThread: Thread started: Thread Group 1-19
2023-09-19 13:38:32,119 INFO o.a.j.t.JMeterThread: Thread started: Thread Group 1-20
2023-09-19 13:38:32,141 INFO o.a.j.t.JMeterThread: Thread started: Thread Group 1-21
2023-09-19 13:38:32,161 INFO o.a.j.t.JMeterThread: Thread started: Thread Group 1-22
2023-09-19 13:38:32,180 INFO o.a.j.t.JMeterThread: Thread started: Thread Group 1-23
2023-09-19 13:38:32,199 INFO o.a.j.t.JMeterThread: Thread started: Thread Group 1-24
2023-09-19 13:38:32,220 INFO o.a.j.t.JMeterThread: Thread started: Thread Group 1-25
2023-09-19 13:38:32,240 INFO o.a.j.t.JMeterThread: Thread started: Thread Group 1-26
2023-09-19 13:38:32,257 INFO o.a.j.t.JMeterThread: Thread started: Thread Group 1-27
2023-09-19 13:38:32,277 INFO o.a.j.t.JMeterThread: Thread started: Thread Group 1-28
2023-09-19 13:38:32,298 INFO o.a.j.t.JMeterThread: Thread started: Thread Group 1-29
2023-09-19 13:38:32,320 INFO o.a.j.t.JMeterThread: Thread started: Thread Group 1-30
2023-09-19 13:38:32,340 INFO o.a.j.t.JMeterThread: Thread started: Thread Group 1-31
2023-09-19 13:38:32,359 INFO o.a.j.t.JMeterThread: Thread started: Thread Group 1-32
2023-09-19 13:38:32,380 INFO o.a.j.t.JMeterThread: Thread started: Thread Group 1-33
2023-09-19 13:38:32,399 INFO o.a.j.t.JMeterThread: Thread started: Thread Group 1-34
2023-09-19 13:38:32,420 INFO o.a.j.t.JMeterThread: Thread started: Thread Group 1-35
2023-09-19 13:38:32,436 INFO o.a.j.t.JMeterThread: Thread started: Thread Group 1-36
2023-09-19 13:38:32,456 INFO o.a.j.t.JMeterThread: Thread started: Thread Group 1-37
2023-09-19 13:38:32,479 INFO o.a.j.t.JMeterThread: Thread started: Thread Group 1-38
2023-09-19 13:38:32,498 INFO o.a.j.t.JMeterThread: Thread started: Thread Group 1-39
2023-09-19 13:38:32,520 INFO o.a.j.t.JMeterThread: Thread started: Thread Group 1-40
2023-09-19 13:38:32,539 INFO o.a.j.t.JMeterThread: Thread started: Thread Group 1-41
2023-09-19 13:38:32,557 INFO o.a.j.t.JMeterThread: Thread started: Thread Group 1-42
2023-09-19 13:38:32,579 INFO o.a.j.t.JMeterThread: Thread started: Thread Group 1-43
2023-09-19 13:38:32,598 INFO o.a.j.t.JMeterThread: Thread started: Thread Group 1-44
2023-09-19 13:38:32,620 INFO o.a.j.t.JMeterThread: Thread started: Thread Group 1-45
2023-09-19 13:38:32,641 INFO o.a.j.t.JMeterThread: Thread started: Thread Group 1-46
2023-09-19 13:38:32,660 INFO o.a.j.t.JMeterThread: Thread started: Thread Group 1-47
2023-09-19 13:38:32,678 INFO o.a.j.t.JMeterThread: Thread started: Thread Group 1-48
2023-09-19 13:38:32,700 INFO o.a.j.t.JMeterThread: Thread started: Thread Group 1-49
2023-09-19 13:38:32,719 INFO o.a.j.t.JMeterThread: Thread started: Thread Group 1-50
2023-09-19 13:40:24,131 INFO o.a.j.g.a.Start: Stopping test
2023-09-19 13:40:24,151 INFO o.a.j.t.JMeterThread: Stopping: Thread Group 1-13
2023-09-19 13:40:24,151 WARN o.a.j.t.JMeterThread: Interrupting: Thread Group 1-13 sampler: HTTP Request
2023-09-19 13:40:24,152 INFO o.a.j.t.JMeterThread: Stopping: Thread Group 1-10
2023-09-19 13:40:24,153 WARN o.a.j.t.JMeterThread: Interrupting: Thread Group 1-10 sampler: HTTP Request
2023-09-19 13:40:24,153 INFO o.a.j.t.JMeterThread: Stopping: Thread Group 1-6
2023-09-19 13:40:24,153 WARN o.a.j.t.JMeterThread: Interrupting: Thread Group 1-6 sampler: HTTP Request
2023-09-19 13:40:24,153 INFO o.a.j.t.JMeterThread: Stopping: Thread Group 1-38
2023-09-19 13:40:24,153 WARN o.a.j.t.JMeterThread: Interrupting: Thread Group 1-38 sampler: HTTP Request
2023-09-19 13:40:24,153 INFO o.a.j.t.JMeterThread: Stopping: Thread Group 1-42
2023-09-19 13:40:24,153 INFO o.a.j.t.JMeterThread: Thread finished: Thread Group 1-10
2023-09-19 13:40:24,153 INFO o.a.j.t.JMeterThread: Thread finished: Thread Group 1-13
2023-09-19 13:40:24,154 WARN o.a.j.t.JMeterThread: Interrupting: Thread Group 1-42 sampler: HTTP Request
2023-09-19 13:40:24,154 INFO o.a.j.t.JMeterThread: Thread finished: Thread Group 1-6
2023-09-19 13:40:24,154 INFO o.a.j.t.JMeterThread: Stopping: Thread Group 1-37
2023-09-19 13:40:24,154 WARN o.a.j.t.JMeterThread: Interrupting: Thread Group 1-37 sampler: HTTP Request
2023-09-19 13:40:24,154 INFO o.a.j.t.JMeterThread: Thread finished: Thread Group 1-38
2023-09-19 13:40:24,154 INFO o.a.j.t.JMeterThread: Stopping: Thread Group 1-22
2023-09-19 13:40:24,154 WARN o.a.j.t.JMeterThread: Interrupting: Thread Group 1-22 sampler: HTTP Request
2023-09-19 13:40:24,154 INFO o.a.j.t.JMeterThread: Stopping: Thread Group 1-15
2023-09-19 13:40:24,154 WARN o.a.j.t.JMeterThread: Interrupting: Thread Group 1-15 sampler: HTTP Request
2023-09-19 13:40:24,155 INFO o.a.j.t.JMeterThread: Stopping: Thread Group 1-3
2023-09-19 13:40:24,155 WARN o.a.j.t.JMeterThread: Interrupting: Thread Group 1-3 sampler: HTTP Request
2023-09-19 13:40:24,155 INFO o.a.j.t.JMeterThread: Thread finished: Thread Group 1-37
2023-09-19 13:40:24,155 INFO o.a.j.t.JMeterThread: Thread finished: Thread Group 1-42
2023-09-19 13:40:24,155 INFO o.a.j.t.JMeterThread: Stopping: Thread Group 1-11
2023-09-19 13:40:24,155 INFO o.a.j.t.JMeterThread: Thread finished: Thread Group 1-22
2023-09-19 13:40:24,155 WARN o.a.j.t.JMeterThread: Interrupting: Thread Group 1-11 sampler: HTTP Request
2023-09-19 13:40:24,155 INFO o.a.j.t.JMeterThread: Thread finished: Thread Group 1-15
2023-09-19 13:40:24,156 INFO o.a.j.t.JMeterThread: Stopping: Thread Group 1-26
2023-09-19 13:40:24,156 INFO o.a.j.t.JMeterThread: Thread finished: Thread Group 1-3
2023-09-19 13:40:24,156 WARN o.a.j.t.JMeterThread: Interrupting: Thread Group 1-26 sampler: HTTP Request
2023-09-19 13:40:24,156 INFO o.a.j.t.JMeterThread: Stopping: Thread Group 1-48
2023-09-19 13:40:24,156 INFO o.a.j.t.JMeterThread: Thread finished: Thread Group 1-11
2023-09-19 13:40:24,156 WARN o.a.j.t.JMeterThread: Interrupting: Thread Group 1-48 sampler: HTTP Request
2023-09-19 13:40:24,156 INFO o.a.j.t.JMeterThread: Stopping: Thread Group 1-21
2023-09-19 13:40:24,157 WARN o.a.j.t.JMeterThread: Interrupting: Thread Group 1-21 sampler: HTTP Request
2023-09-19 13:40:24,157 INFO o.a.j.t.JMeterThread: Thread finished: Thread Group 1-48
2023-09-19 13:40:24,157 INFO o.a.j.t.JMeterThread: Thread finished: Thread Group 1-26
2023-09-19 13:40:24,157 INFO o.a.j.t.JMeterThread: Stopping: Thread Group 1-50
2023-09-19 13:40:24,157 WARN o.a.j.t.JMeterThread: Interrupting: Thread Group 1-50 sampler: HTTP Request
2023-09-19 13:40:24,158 INFO o.a.j.t.JMeterThread: Stopping: Thread Group 1-30
2023-09-19 13:40:24,158 INFO o.a.j.t.JMeterThread: Thread finished: Thread Group 1-21
2023-09-19 13:40:24,158 WARN o.a.j.t.JMeterThread: Interrupting: Thread Group 1-30 sampler: HTTP Request
2023-09-19 13:40:24,158 INFO o.a.j.t.JMeterThread: Thread finished: Thread Group 1-50
2023-09-19 13:40:24,159 INFO o.a.j.t.JMeterThread: Stopping: Thread Group 1-17
2023-09-19 13:40:24,159 WARN o.a.j.t.JMeterThread: Interrupting: Thread Group 1-17 sampler: HTTP Request
2023-09-19 13:40:24,159 INFO o.a.j.t.JMeterThread: Stopping: Thread Group 1-28
2023-09-19 13:40:24,160 WARN o.a.j.t.JMeterThread: Interrupting: Thread Group 1-28 sampler: HTTP Request
2023-09-19 13:40:24,160 INFO o.a.j.t.JMeterThread: Thread finished: Thread Group 1-30
2023-09-19 13:40:24,160 INFO o.a.j.t.JMeterThread: Stopping: Thread Group 1-23
2023-09-19 13:40:24,160 WARN o.a.j.t.JMeterThread: Interrupting: Thread Group 1-23 sampler: HTTP Request
2023-09-19 13:40:24,160 INFO o.a.j.t.JMeterThread: Thread finished: Thread Group 1-17
2023-09-19 13:40:24,160 INFO o.a.j.t.JMeterThread: Stopping: Thread Group 1-12
2023-09-19 13:40:24,160 WARN o.a.j.t.JMeterThread: Interrupting: Thread Group 1-12 sampler: HTTP Request
2023-09-19 13:40:24,160 INFO o.a.j.t.JMeterThread: Thread finished: Thread Group 1-28
2023-09-19 13:40:24,161 INFO o.a.j.t.JMeterThread: Stopping: Thread Group 1-7
2023-09-19 13:40:24,161 WARN o.a.j.t.JMeterThread: Interrupting: Thread Group 1-7 sampler: HTTP Request
2023-09-19 13:40:24,161 INFO o.a.j.t.JMeterThread: Thread finished: Thread Group 1-23
2023-09-19 13:40:24,161 INFO o.a.j.t.JMeterThread: Thread finished: Thread Group 1-12
2023-09-19 13:40:24,162 INFO o.a.j.t.JMeterThread: Stopping: Thread Group 1-34
2023-09-19 13:40:24,162 WARN o.a.j.t.JMeterThread: Interrupting: Thread Group 1-34 sampler: HTTP Request
2023-09-19 13:40:24,163 INFO o.a.j.t.JMeterThread: Thread finished: Thread Group 1-7
2023-09-19 13:40:24,163 INFO o.a.j.t.JMeterThread: Stopping: Thread Group 1-9
2023-09-19 13:40:24,163 WARN o.a.j.t.JMeterThread: Interrupting: Thread Group 1-9 sampler: HTTP Request
2023-09-19 13:40:24,165 INFO o.a.j.t.JMeterThread: Stopping: Thread Group 1-16
2023-09-19 13:40:24,165 INFO o.a.j.t.JMeterThread: Thread finished: Thread Group 1-34
2023-09-19 13:40:24,165 WARN o.a.j.t.JMeterThread: Interrupting: Thread Group 1-16 sampler: HTTP Request
2023-09-19 13:40:24,166 INFO o.a.j.t.JMeterThread: Thread finished: Thread Group 1-9
2023-09-19 13:40:24,166 INFO o.a.j.t.JMeterThread: Stopping: Thread Group 1-44
2023-09-19 13:40:24,166 WARN o.a.j.t.JMeterThread: Interrupting: Thread Group 1-44 sampler: HTTP Request
2023-09-19 13:40:24,169 INFO o.a.j.t.JMeterThread: Stopping: Thread Group 1-35
2023-09-19 13:40:24,169 INFO o.a.j.t.JMeterThread: Thread finished: Thread Group 1-16
2023-09-19 13:40:24,169 WARN o.a.j.t.JMeterThread: Interrupting: Thread Group 1-35 sampler: HTTP Request
2023-09-19 13:40:24,169 INFO o.a.j.t.JMeterThread: Thread finished: Thread Group 1-44
2023-09-19 13:40:24,170 INFO o.a.j.t.JMeterThread: Stopping: Thread Group 1-8
2023-09-19 13:40:24,170 WARN o.a.j.t.JMeterThread: Interrupting: Thread Group 1-8 sampler: HTTP Request
2023-09-19 13:40:24,171 INFO o.a.j.t.JMeterThread: Thread finished: Thread Group 1-35
2023-09-19 13:40:24,171 INFO o.a.j.t.JMeterThread: Stopping: Thread Group 1-36
2023-09-19 13:40:24,171 WARN o.a.j.t.JMeterThread: Interrupting: Thread Group 1-36 sampler: HTTP Request
2023-09-19 13:40:24,172 INFO o.a.j.t.JMeterThread: Thread finished: Thread Group 1-8
2023-09-19 13:40:24,172 INFO o.a.j.t.JMeterThread: Stopping: Thread Group 1-41
2023-09-19 13:40:24,172 WARN o.a.j.t.JMeterThread: Interrupting: Thread Group 1-41 sampler: HTTP Request
2023-09-19 13:40:24,172 INFO o.a.j.t.JMeterThread: Thread finished: Thread Group 1-36
2023-09-19 13:40:24,172 INFO o.a.j.t.JMeterThread: Stopping: Thread Group 1-29
2023-09-19 13:40:24,173 WARN o.a.j.t.JMeterThread: Interrupting: Thread Group 1-29 sampler: HTTP Request
2023-09-19 13:40:24,173 INFO o.a.j.t.JMeterThread: Stopping: Thread Group 1-49
2023-09-19 13:40:24,173 INFO o.a.j.t.JMeterThread: Thread finished: Thread Group 1-41
2023-09-19 13:40:24,173 WARN o.a.j.t.JMeterThread: Interrupting: Thread Group 1-49 sampler: HTTP Request
2023-09-19 13:40:24,174 INFO o.a.j.t.JMeterThread: Thread finished: Thread Group 1-29
2023-09-19 13:40:24,174 INFO o.a.j.t.JMeterThread: Stopping: Thread Group 1-45
2023-09-19 13:40:24,174 WARN o.a.j.t.JMeterThread: Interrupting: Thread Group 1-45 sampler: HTTP Request
2023-09-19 13:40:24,174 INFO o.a.j.t.JMeterThread: Stopping: Thread Group 1-1
2023-09-19 13:40:24,174 WARN o.a.j.t.JMeterThread: Interrupting: Thread Group 1-1 sampler: HTTP Request
2023-09-19 13:40:24,174 INFO o.a.j.t.JMeterThread: Thread finished: Thread Group 1-49
2023-09-19 13:40:24,174 INFO o.a.j.t.JMeterThread: Thread finished: Thread Group 1-45
2023-09-19 13:40:24,175 INFO o.a.j.t.JMeterThread: Stopping: Thread Group 1-14
2023-09-19 13:40:24,175 WARN o.a.j.t.JMeterThread: Interrupting: Thread Group 1-14 sampler: HTTP Request
2023-09-19 13:40:24,175 INFO o.a.j.t.JMeterThread: Thread finished: Thread Group 1-1
2023-09-19 13:40:24,177 INFO o.a.j.t.JMeterThread: Stopping: Thread Group 1-33
2023-09-19 13:40:24,177 WARN o.a.j.t.JMeterThread: Interrupting: Thread Group 1-33 sampler: HTTP Request
2023-09-19 13:40:24,177 INFO o.a.j.t.JMeterThread: Thread finished: Thread Group 1-14
2023-09-19 13:40:24,178 INFO o.a.j.t.JMeterThread: Stopping: Thread Group 1-46
2023-09-19 13:40:24,179 WARN o.a.j.t.JMeterThread: Interrupting: Thread Group 1-46 sampler: HTTP Request
2023-09-19 13:40:24,180 INFO o.a.j.t.JMeterThread: Thread finished: Thread Group 1-33
2023-09-19 13:40:24,181 INFO o.a.j.t.JMeterThread: Stopping: Thread Group 1-4
2023-09-19 13:40:24,181 WARN o.a.j.t.JMeterThread: Interrupting: Thread Group 1-4 sampler: HTTP Request
2023-09-19 13:40:24,181 INFO o.a.j.t.JMeterThread: Thread finished: Thread Group 1-46
2023-09-19 13:40:24,182 INFO o.a.j.t.JMeterThread: Stopping: Thread Group 1-24
2023-09-19 13:40:24,182 WARN o.a.j.t.JMeterThread: Interrupting: Thread Group 1-24 sampler: HTTP Request
2023-09-19 13:40:24,182 INFO o.a.j.t.JMeterThread: Thread finished: Thread Group 1-4
2023-09-19 13:40:24,183 INFO o.a.j.t.JMeterThread: Stopping: Thread Group 1-2
2023-09-19 13:40:24,183 WARN o.a.j.t.JMeterThread: Interrupting: Thread Group 1-2 sampler: HTTP Request
2023-09-19 13:40:24,183 INFO o.a.j.t.JMeterThread: Thread finished: Thread Group 1-24
2023-09-19 13:40:24,184 INFO o.a.j.t.JMeterThread: Stopping: Thread Group 1-20
2023-09-19 13:40:24,184 WARN o.a.j.t.JMeterThread: Interrupting: Thread Group 1-20 sampler: HTTP Request
2023-09-19 13:40:24,184 INFO o.a.j.t.JMeterThread: Thread finished: Thread Group 1-2
2023-09-19 13:40:24,185 INFO o.a.j.t.JMeterThread: Stopping: Thread Group 1-31
2023-09-19 13:40:24,185 WARN o.a.j.t.JMeterThread: Interrupting: Thread Group 1-31 sampler: HTTP Request
2023-09-19 13:40:24,185 INFO o.a.j.t.JMeterThread: Thread finished: Thread Group 1-20
2023-09-19 13:40:24,185 INFO o.a.j.t.JMeterThread: Stopping: Thread Group 1-32
2023-09-19 13:40:24,185 WARN o.a.j.t.JMeterThread: Interrupting: Thread Group 1-32 sampler: HTTP Request
2023-09-19 13:40:24,185 INFO o.a.j.t.JMeterThread: Thread finished: Thread Group 1-31
2023-09-19 13:40:24,186 INFO o.a.j.t.JMeterThread: Stopping: Thread Group 1-40
2023-09-19 13:40:24,186 WARN o.a.j.t.JMeterThread: Interrupting: Thread Group 1-40 sampler: HTTP Request
2023-09-19 13:40:24,186 INFO o.a.j.t.JMeterThread: Thread finished: Thread Group 1-32
2023-09-19 13:40:24,186 INFO o.a.j.t.JMeterThread: Stopping: Thread Group 1-18
2023-09-19 13:40:24,186 WARN o.a.j.t.JMeterThread: Interrupting: Thread Group 1-18 sampler: HTTP Request
2023-09-19 13:40:24,186 INFO o.a.j.t.JMeterThread: Thread finished: Thread Group 1-40
2023-09-19 13:40:24,186 INFO o.a.j.t.JMeterThread: Stopping: Thread Group 1-25
2023-09-19 13:40:24,186 WARN o.a.j.t.JMeterThread: Interrupting: Thread Group 1-25 sampler: HTTP Request
2023-09-19 13:40:24,187 INFO o.a.j.t.JMeterThread: Thread finished: Thread Group 1-18
2023-09-19 13:40:24,188 INFO o.a.j.t.JMeterThread: Stopping: Thread Group 1-5
2023-09-19 13:40:24,188 WARN o.a.j.t.JMeterThread: Interrupting: Thread Group 1-5 sampler: HTTP Request
2023-09-19 13:40:24,188 INFO o.a.j.t.JMeterThread: Thread finished: Thread Group 1-25
2023-09-19 13:40:24,189 INFO o.a.j.t.JMeterThread: Stopping: Thread Group 1-19
2023-09-19 13:40:24,189 WARN o.a.j.t.JMeterThread: Interrupting: Thread Group 1-19 sampler: HTTP Request
2023-09-19 13:40:24,189 INFO o.a.j.t.JMeterThread: Thread finished: Thread Group 1-5
2023-09-19 13:40:24,189 INFO o.a.j.t.JMeterThread: Stopping: Thread Group 1-43
2023-09-19 13:40:24,189 WARN o.a.j.t.JMeterThread: Interrupting: Thread Group 1-43 sampler: HTTP Request
2023-09-19 13:40:24,190 INFO o.a.j.t.JMeterThread: Thread finished: Thread Group 1-19
2023-09-19 13:40:24,190 INFO o.a.j.t.JMeterThread: Stopping: Thread Group 1-27
2023-09-19 13:40:24,190 WARN o.a.j.t.JMeterThread: Interrupting: Thread Group 1-27 sampler: HTTP Request
2023-09-19 13:40:24,190 INFO o.a.j.t.JMeterThread: Thread finished: Thread Group 1-43
2023-09-19 13:40:24,190 INFO o.a.j.t.JMeterThread: Stopping: Thread Group 1-39
2023-09-19 13:40:24,190 WARN o.a.j.t.JMeterThread: Interrupting: Thread Group 1-39 sampler: HTTP Request
2023-09-19 13:40:24,191 INFO o.a.j.t.JMeterThread: Thread finished: Thread Group 1-27
2023-09-19 13:40:24,191 INFO o.a.j.t.JMeterThread: Stopping: Thread Group 1-47
2023-09-19 13:40:24,191 WARN o.a.j.t.JMeterThread: Interrupting: Thread Group 1-47 sampler: HTTP Request
2023-09-19 13:40:24,192 INFO o.a.j.t.JMeterThread: Thread finished: Thread Group 1-39
2023-09-19 13:40:24,193 INFO o.a.j.t.JMeterThread: Thread finished: Thread Group 1-47
2023-09-19 13:40:24,193 INFO o.a.j.e.StandardJMeterEngine: Notifying test listeners of end of test
2023-09-19 13:40:24,194 INFO o.a.j.g.u.JMeterMenuBar: setRunning(false, *local*)
2023-09-19 13:40:46,168 INFO o.a.j.e.StandardJMeterEngine: Running the test!
2023-09-19 13:40:46,168 INFO o.a.j.s.SampleEvent: List of sample_variables: []
2023-09-19 13:40:46,169 INFO o.a.j.g.u.JMeterMenuBar: setRunning(true, *local*)
2023-09-19 13:40:46,220 INFO o.a.j.e.StandardJMeterEngine: Starting ThreadGroup: 1 : Thread Group
2023-09-19 13:40:46,221 INFO o.a.j.e.StandardJMeterEngine: Starting 50 threads for group Thread Group.
2023-09-19 13:40:46,221 INFO o.a.j.e.StandardJMeterEngine: Thread will continue on error
2023-09-19 13:40:46,221 INFO o.a.j.t.ThreadGroup: Starting thread group... number=1 threads=50 ramp-up=1 delayedStart=false
2023-09-19 13:40:46,222 INFO o.a.j.t.JMeterThread: Thread started: Thread Group 1-1
2023-09-19 13:40:46,246 INFO o.a.j.t.JMeterThread: Thread started: Thread Group 1-2
2023-09-19 13:40:46,249 INFO o.a.j.t.ThreadGroup: Started thread group number 1
2023-09-19 13:40:46,250 INFO o.a.j.e.StandardJMeterEngine: All thread groups have been started
2023-09-19 13:40:46,267 INFO o.a.j.t.JMeterThread: Thread started: Thread Group 1-3
2023-09-19 13:40:46,284 INFO o.a.j.t.JMeterThread: Thread started: Thread Group 1-4
2023-09-19 13:40:46,308 INFO o.a.j.t.JMeterThread: Thread started: Thread Group 1-5
2023-09-19 13:40:46,326 INFO o.a.j.t.JMeterThread: Thread started: Thread Group 1-6
2023-09-19 13:40:46,343 INFO o.a.j.t.JMeterThread: Thread started: Thread Group 1-7
2023-09-19 13:40:46,366 INFO o.a.j.t.JMeterThread: Thread started: Thread Group 1-8
2023-09-19 13:40:46,385 INFO o.a.j.t.JMeterThread: Thread started: Thread Group 1-9
2023-09-19 13:40:46,410 INFO o.a.j.t.JMeterThread: Thread started: Thread Group 1-10
2023-09-19 13:40:46,426 INFO o.a.j.t.JMeterThread: Thread started: Thread Group 1-11
2023-09-19 13:40:46,446 INFO o.a.j.t.JMeterThread: Thread started: Thread Group 1-12
2023-09-19 13:40:46,470 INFO o.a.j.t.JMeterThread: Thread started: Thread Group 1-13
2023-09-19 13:40:46,483 INFO o.a.j.t.JMeterThread: Thread started: Thread Group 1-14
2023-09-19 13:40:46,508 INFO o.a.j.t.JMeterThread: Thread started: Thread Group 1-15
2023-09-19 13:40:46,526 INFO o.a.j.t.JMeterThread: Thread started: Thread Group 1-16
2023-09-19 13:40:46,546 INFO o.a.j.t.JMeterThread: Thread started: Thread Group 1-17
2023-09-19 13:40:46,567 INFO o.a.j.t.JMeterThread: Thread started: Thread Group 1-18
2023-09-19 13:40:46,587 INFO o.a.j.t.JMeterThread: Thread started: Thread Group 1-19
2023-09-19 13:40:46,615 INFO o.a.j.t.JMeterThread: Thread started: Thread Group 1-20
2023-09-19 13:40:46,631 INFO o.a.j.t.JMeterThread: Thread started: Thread Group 1-21
2023-09-19 13:40:46,650 INFO o.a.j.t.JMeterThread: Thread started: Thread Group 1-22
2023-09-19 13:40:46,666 INFO o.a.j.t.JMeterThread: Thread started: Thread Group 1-23
2023-09-19 13:40:46,685 INFO o.a.j.t.JMeterThread: Thread started: Thread Group 1-24
2023-09-19 13:40:46,704 INFO o.a.j.t.JMeterThread: Thread started: Thread Group 1-25
2023-09-19 13:40:46,724 INFO o.a.j.t.JMeterThread: Thread started: Thread Group 1-26
2023-09-19 13:40:46,745 INFO o.a.j.t.JMeterThread: Thread started: Thread Group 1-27
2023-09-19 13:40:46,765 INFO o.a.j.t.JMeterThread: Thread started: Thread Group 1-28
2023-09-19 13:40:46,787 INFO o.a.j.t.JMeterThread: Thread started: Thread Group 1-29
2023-09-19 13:40:46,803 INFO o.a.j.t.JMeterThread: Thread started: Thread Group 1-30
2023-09-19 13:40:46,826 INFO o.a.j.t.JMeterThread: Thread started: Thread Group 1-31
2023-09-19 13:40:46,842 INFO o.a.j.t.JMeterThread: Thread started: Thread Group 1-32
2023-09-19 13:40:46,863 INFO o.a.j.t.JMeterThread: Thread started: Thread Group 1-33
2023-09-19 13:40:46,883 INFO o.a.j.t.JMeterThread: Thread started: Thread Group 1-34
2023-09-19 13:40:46,902 INFO o.a.j.t.JMeterThread: Thread started: Thread Group 1-35
2023-09-19 13:40:46,926 INFO o.a.j.t.JMeterThread: Thread started: Thread Group 1-36
2023-09-19 13:40:46,943 INFO o.a.j.t.JMeterThread: Thread started: Thread Group 1-37
2023-09-19 13:40:46,962 INFO o.a.j.t.JMeterThread: Thread started: Thread Group 1-38
2023-09-19 13:40:46,984 INFO o.a.j.t.JMeterThread: Thread started: Thread Group 1-39
2023-09-19 13:40:47,006 INFO o.a.j.t.JMeterThread: Thread started: Thread Group 1-40
2023-09-19 13:40:47,024 INFO o.a.j.t.JMeterThread: Thread started: Thread Group 1-41
2023-09-19 13:40:47,044 INFO o.a.j.t.JMeterThread: Thread started: Thread Group 1-42
2023-09-19 13:40:47,067 INFO o.a.j.t.JMeterThread: Thread started: Thread Group 1-43
2023-09-19 13:40:47,085 INFO o.a.j.t.JMeterThread: Thread started: Thread Group 1-44
2023-09-19 13:40:47,106 INFO o.a.j.t.JMeterThread: Thread started: Thread Group 1-45
2023-09-19 13:40:47,127 INFO o.a.j.t.JMeterThread: Thread started: Thread Group 1-46
2023-09-19 13:40:47,143 INFO o.a.j.t.JMeterThread: Thread started: Thread Group 1-47
2023-09-19 13:40:47,164 INFO o.a.j.t.JMeterThread: Thread started: Thread Group 1-48
2023-09-19 13:40:47,184 INFO o.a.j.t.JMeterThread: Thread started: Thread Group 1-49
2023-09-19 13:40:47,209 INFO o.a.j.t.JMeterThread: Thread started: Thread Group 1-50
2023-09-19 13:41:02,456 INFO o.a.j.g.a.Start: Stopping test
2023-09-19 13:41:02,480 INFO o.a.j.t.JMeterThread: Stopping: Thread Group 1-24
2023-09-19 13:41:02,480 WARN o.a.j.t.JMeterThread: Interrupting: Thread Group 1-24 sampler: HTTP Request
2023-09-19 13:41:02,480 INFO o.a.j.t.JMeterThread: Stopping: Thread Group 1-34
2023-09-19 13:41:02,481 WARN o.a.j.t.JMeterThread: Interrupting: Thread Group 1-34 sampler: HTTP Request
2023-09-19 13:41:02,481 INFO o.a.j.t.JMeterThread: Thread finished: Thread Group 1-24
2023-09-19 13:41:02,481 INFO o.a.j.t.JMeterThread: Stopping: Thread Group 1-6
2023-09-19 13:41:02,481 WARN o.a.j.t.JMeterThread: Interrupting: Thread Group 1-6 sampler: HTTP Request
2023-09-19 13:41:02,481 INFO o.a.j.t.JMeterThread: Thread finished: Thread Group 1-34
2023-09-19 13:41:02,481 INFO o.a.j.t.JMeterThread: Stopping: Thread Group 1-38
2023-09-19 13:41:02,481 WARN o.a.j.t.JMeterThread: Interrupting: Thread Group 1-38 sampler: HTTP Request
2023-09-19 13:41:02,482 INFO o.a.j.t.JMeterThread: Thread finished: Thread Group 1-6
2023-09-19 13:41:02,482 INFO o.a.j.t.JMeterThread: Stopping: Thread Group 1-46
2023-09-19 13:41:02,482 WARN o.a.j.t.JMeterThread: Interrupting: Thread Group 1-46 sampler: HTTP Request
2023-09-19 13:41:02,482 INFO o.a.j.t.JMeterThread: Thread finished: Thread Group 1-38
2023-09-19 13:41:02,482 INFO o.a.j.t.JMeterThread: Stopping: Thread Group 1-5
2023-09-19 13:41:02,482 WARN o.a.j.t.JMeterThread: Interrupting: Thread Group 1-5 sampler: HTTP Request
2023-09-19 13:41:02,482 INFO o.a.j.t.JMeterThread: Thread finished: Thread Group 1-46
2023-09-19 13:41:02,482 INFO o.a.j.t.JMeterThread: Stopping: Thread Group 1-42
2023-09-19 13:41:02,482 WARN o.a.j.t.JMeterThread: Interrupting: Thread Group 1-42 sampler: HTTP Request
2023-09-19 13:41:02,482 INFO o.a.j.t.JMeterThread: Thread finished: Thread Group 1-5
2023-09-19 13:41:02,483 INFO o.a.j.t.JMeterThread: Stopping: Thread Group 1-50
2023-09-19 13:41:02,483 WARN o.a.j.t.JMeterThread: Interrupting: Thread Group 1-50 sampler: HTTP Request
2023-09-19 13:41:02,483 INFO o.a.j.t.JMeterThread: Thread finished: Thread Group 1-42
2023-09-19 13:41:02,483 INFO o.a.j.t.JMeterThread: Stopping: Thread Group 1-1
2023-09-19 13:41:02,483 WARN o.a.j.t.JMeterThread: Interrupting: Thread Group 1-1 sampler: HTTP Request
2023-09-19 13:41:02,483 INFO o.a.j.t.JMeterThread: Stopping: Thread Group 1-20
2023-09-19 13:41:02,483 INFO o.a.j.t.JMeterThread: Thread finished: Thread Group 1-50
2023-09-19 13:41:02,483 WARN o.a.j.t.JMeterThread: Interrupting: Thread Group 1-20 sampler: HTTP Request
2023-09-19 13:41:02,483 INFO o.a.j.t.JMeterThread: Thread finished: Thread Group 1-1
2023-09-19 13:41:02,483 INFO o.a.j.t.JMeterThread: Stopping: Thread Group 1-45
2023-09-19 13:41:02,483 WARN o.a.j.t.JMeterThread: Interrupting: Thread Group 1-45 sampler: HTTP Request
2023-09-19 13:41:02,483 INFO o.a.j.t.JMeterThread: Thread finished: Thread Group 1-20
2023-09-19 13:41:02,484 INFO o.a.j.t.JMeterThread: Stopping: Thread Group 1-27
2023-09-19 13:41:02,484 WARN o.a.j.t.JMeterThread: Interrupting: Thread Group 1-27 sampler: HTTP Request
2023-09-19 13:41:02,484 INFO o.a.j.t.JMeterThread: Thread finished: Thread Group 1-45
2023-09-19 13:41:02,484 INFO o.a.j.t.JMeterThread: Stopping: Thread Group 1-2
2023-09-19 13:41:02,484 WARN o.a.j.t.JMeterThread: Interrupting: Thread Group 1-2 sampler: HTTP Request
2023-09-19 13:41:02,484 INFO o.a.j.t.JMeterThread: Stopping: Thread Group 1-23
2023-09-19 13:41:02,484 WARN o.a.j.t.JMeterThread: Interrupting: Thread Group 1-23 sampler: HTTP Request
2023-09-19 13:41:02,484 INFO o.a.j.t.JMeterThread: Thread finished: Thread Group 1-27
2023-09-19 13:41:02,484 INFO o.a.j.t.JMeterThread: Thread finished: Thread Group 1-2
2023-09-19 13:41:02,484 INFO o.a.j.t.JMeterThread: Stopping: Thread Group 1-49
2023-09-19 13:41:02,484 WARN o.a.j.t.JMeterThread: Interrupting: Thread Group 1-49 sampler: HTTP Request
2023-09-19 13:41:02,485 INFO o.a.j.t.JMeterThread: Thread finished: Thread Group 1-23
2023-09-19 13:41:02,485 INFO o.a.j.t.JMeterThread: Stopping: Thread Group 1-35
2023-09-19 13:41:02,485 WARN o.a.j.t.JMeterThread: Interrupting: Thread Group 1-35 sampler: HTTP Request
2023-09-19 13:41:02,485 INFO o.a.j.t.JMeterThread: Thread finished: Thread Group 1-49
2023-09-19 13:41:02,485 INFO o.a.j.t.JMeterThread: Stopping: Thread Group 1-43
2023-09-19 13:41:02,485 WARN o.a.j.t.JMeterThread: Interrupting: Thread Group 1-43 sampler: HTTP Request
2023-09-19 13:41:02,485 INFO o.a.j.t.JMeterThread: Thread finished: Thread Group 1-35
2023-09-19 13:41:02,485 INFO o.a.j.t.JMeterThread: Stopping: Thread Group 1-14
2023-09-19 13:41:02,485 INFO o.a.j.t.JMeterThread: Thread finished: Thread Group 1-43
2023-09-19 13:41:02,485 WARN o.a.j.t.JMeterThread: Interrupting: Thread Group 1-14 sampler: HTTP Request
2023-09-19 13:41:02,485 INFO o.a.j.t.JMeterThread: Stopping: Thread Group 1-48
2023-09-19 13:41:02,486 WARN o.a.j.t.JMeterThread: Interrupting: Thread Group 1-48 sampler: HTTP Request
2023-09-19 13:41:02,486 INFO o.a.j.t.JMeterThread: Thread finished: Thread Group 1-14
2023-09-19 13:41:02,486 INFO o.a.j.t.JMeterThread: Stopping: Thread Group 1-18
2023-09-19 13:41:02,486 WARN o.a.j.t.JMeterThread: Interrupting: Thread Group 1-18 sampler: HTTP Request
2023-09-19 13:41:02,486 INFO o.a.j.t.JMeterThread: Thread finished: Thread Group 1-48
2023-09-19 13:41:02,486 INFO o.a.j.t.JMeterThread: Stopping: Thread Group 1-21
2023-09-19 13:41:02,486 WARN o.a.j.t.JMeterThread: Interrupting: Thread Group 1-21 sampler: HTTP Request
2023-09-19 13:41:02,486 INFO o.a.j.t.JMeterThread: Thread finished: Thread Group 1-18
2023-09-19 13:41:02,486 INFO o.a.j.t.JMeterThread: Stopping: Thread Group 1-16
2023-09-19 13:41:02,486 WARN o.a.j.t.JMeterThread: Interrupting: Thread Group 1-16 sampler: HTTP Request
2023-09-19 13:41:02,486 INFO o.a.j.t.JMeterThread: Stopping: Thread Group 1-33
2023-09-19 13:41:02,486 INFO o.a.j.t.JMeterThread: Thread finished: Thread Group 1-21
2023-09-19 13:41:02,486 WARN o.a.j.t.JMeterThread: Interrupting: Thread Group 1-33 sampler: HTTP Request
2023-09-19 13:41:02,487 INFO o.a.j.t.JMeterThread: Thread finished: Thread Group 1-16
2023-09-19 13:41:02,487 INFO o.a.j.t.JMeterThread: Stopping: Thread Group 1-41
2023-09-19 13:41:02,487 WARN o.a.j.t.JMeterThread: Interrupting: Thread Group 1-41 sampler: HTTP Request
2023-09-19 13:41:02,487 INFO o.a.j.t.JMeterThread: Thread finished: Thread Group 1-33
2023-09-19 13:41:02,487 INFO o.a.j.t.JMeterThread: Stopping: Thread Group 1-31
2023-09-19 13:41:02,487 WARN o.a.j.t.JMeterThread: Interrupting: Thread Group 1-31 sampler: HTTP Request
2023-09-19 13:41:02,487 INFO o.a.j.t.JMeterThread: Thread finished: Thread Group 1-41
2023-09-19 13:41:02,487 INFO o.a.j.t.JMeterThread: Stopping: Thread Group 1-15
2023-09-19 13:41:02,487 WARN o.a.j.t.JMeterThread: Interrupting: Thread Group 1-15 sampler: HTTP Request
2023-09-19 13:41:02,487 INFO o.a.j.t.JMeterThread: Thread finished: Thread Group 1-31
2023-09-19 13:41:02,487 INFO o.a.j.t.JMeterThread: Stopping: Thread Group 1-7
2023-09-19 13:41:02,487 WARN o.a.j.t.JMeterThread: Interrupting: Thread Group 1-7 sampler: HTTP Request
2023-09-19 13:41:02,488 INFO o.a.j.t.JMeterThread: Thread finished: Thread Group 1-15
2023-09-19 13:41:02,488 INFO o.a.j.t.JMeterThread: Stopping: Thread Group 1-47
2023-09-19 13:41:02,488 WARN o.a.j.t.JMeterThread: Interrupting: Thread Group 1-47 sampler: HTTP Request
2023-09-19 13:41:02,488 INFO o.a.j.t.JMeterThread: Thread finished: Thread Group 1-7
2023-09-19 13:41:02,488 INFO o.a.j.t.JMeterThread: Stopping: Thread Group 1-39
2023-09-19 13:41:02,488 WARN o.a.j.t.JMeterThread: Interrupting: Thread Group 1-39 sampler: HTTP Request
2023-09-19 13:41:02,488 INFO o.a.j.t.JMeterThread: Stopping: Thread Group 1-3
2023-09-19 13:41:02,488 INFO o.a.j.t.JMeterThread: Thread finished: Thread Group 1-47
2023-09-19 13:41:02,488 WARN o.a.j.t.JMeterThread: Interrupting: Thread Group 1-3 sampler: HTTP Request
2023-09-19 13:41:02,488 INFO o.a.j.t.JMeterThread: Thread finished: Thread Group 1-39
2023-09-19 13:41:02,488 INFO o.a.j.t.JMeterThread: Stopping: Thread Group 1-36
2023-09-19 13:41:02,488 WARN o.a.j.t.JMeterThread: Interrupting: Thread Group 1-36 sampler: HTTP Request
2023-09-19 13:41:02,489 INFO o.a.j.t.JMeterThread: Stopping: Thread Group 1-44
2023-09-19 13:41:02,489 INFO o.a.j.t.JMeterThread: Thread finished: Thread Group 1-3
2023-09-19 13:41:02,489 WARN o.a.j.t.JMeterThread: Interrupting: Thread Group 1-44 sampler: HTTP Request
2023-09-19 13:41:02,489 INFO o.a.j.t.JMeterThread: Stopping: Thread Group 1-9
2023-09-19 13:41:02,489 WARN o.a.j.t.JMeterThread: Interrupting: Thread Group 1-9 sampler: HTTP Request
2023-09-19 13:41:02,489 INFO o.a.j.t.JMeterThread: Thread finished: Thread Group 1-44
2023-09-19 13:41:02,489 INFO o.a.j.t.JMeterThread: Stopping: Thread Group 1-29
2023-09-19 13:41:02,489 INFO o.a.j.t.JMeterThread: Thread finished: Thread Group 1-36
2023-09-19 13:41:02,489 WARN o.a.j.t.JMeterThread: Interrupting: Thread Group 1-29 sampler: HTTP Request
2023-09-19 13:41:02,489 INFO o.a.j.t.JMeterThread: Thread finished: Thread Group 1-9
2023-09-19 13:41:02,489 INFO o.a.j.t.JMeterThread: Stopping: Thread Group 1-12
2023-09-19 13:41:02,490 WARN o.a.j.t.JMeterThread: Interrupting: Thread Group 1-12 sampler: HTTP Request
2023-09-19 13:41:02,490 INFO o.a.j.t.JMeterThread: Thread finished: Thread Group 1-29
2023-09-19 13:41:02,490 INFO o.a.j.t.JMeterThread: Stopping: Thread Group 1-19
2023-09-19 13:41:02,490 WARN o.a.j.t.JMeterThread: Interrupting: Thread Group 1-19 sampler: HTTP Request
2023-09-19 13:41:02,490 INFO o.a.j.t.JMeterThread: Stopping: Thread Group 1-30
2023-09-19 13:41:02,490 INFO o.a.j.t.JMeterThread: Thread finished: Thread Group 1-12
2023-09-19 13:41:02,490 WARN o.a.j.t.JMeterThread: Interrupting: Thread Group 1-30 sampler: HTTP Request
2023-09-19 13:41:02,490 INFO o.a.j.t.JMeterThread: Stopping: Thread Group 1-10
2023-09-19 13:41:02,490 WARN o.a.j.t.JMeterThread: Interrupting: Thread Group 1-10 sampler: HTTP Request
2023-09-19 13:41:02,490 INFO o.a.j.t.JMeterThread: Thread finished: Thread Group 1-19
2023-09-19 13:41:02,490 INFO o.a.j.t.JMeterThread: Thread finished: Thread Group 1-30
2023-09-19 13:41:02,490 INFO o.a.j.t.JMeterThread: Stopping: Thread Group 1-25
2023-09-19 13:41:02,491 WARN o.a.j.t.JMeterThread: Interrupting: Thread Group 1-25 sampler: HTTP Request
2023-09-19 13:41:02,491 INFO o.a.j.t.JMeterThread: Stopping: Thread Group 1-28
2023-09-19 13:41:02,491 INFO o.a.j.t.JMeterThread: Thread finished: Thread Group 1-10
2023-09-19 13:41:02,491 WARN o.a.j.t.JMeterThread: Interrupting: Thread Group 1-28 sampler: HTTP Request
2023-09-19 13:41:02,491 INFO o.a.j.t.JMeterThread: Thread finished: Thread Group 1-25
2023-09-19 13:41:02,491 INFO o.a.j.t.JMeterThread: Stopping: Thread Group 1-37
2023-09-19 13:41:02,491 WARN o.a.j.t.JMeterThread: Interrupting: Thread Group 1-37 sampler: HTTP Request
2023-09-19 13:41:02,491 INFO o.a.j.t.JMeterThread: Stopping: Thread Group 1-4
2023-09-19 13:41:02,491 WARN o.a.j.t.JMeterThread: Interrupting: Thread Group 1-4 sampler: HTTP Request
2023-09-19 13:41:02,491 INFO o.a.j.t.JMeterThread: Thread finished: Thread Group 1-37
2023-09-19 13:41:02,491 INFO o.a.j.t.JMeterThread: Stopping: Thread Group 1-22
2023-09-19 13:41:02,491 INFO o.a.j.t.JMeterThread: Thread finished: Thread Group 1-28
2023-09-19 13:41:02,491 WARN o.a.j.t.JMeterThread: Interrupting: Thread Group 1-22 sampler: HTTP Request
2023-09-19 13:41:02,492 INFO o.a.j.t.JMeterThread: Thread finished: Thread Group 1-4
2023-09-19 13:41:02,492 INFO o.a.j.t.JMeterThread: Stopping: Thread Group 1-13
2023-09-19 13:41:02,492 WARN o.a.j.t.JMeterThread: Interrupting: Thread Group 1-13 sampler: HTTP Request
2023-09-19 13:41:02,492 INFO o.a.j.t.JMeterThread: Thread finished: Thread Group 1-22
2023-09-19 13:41:02,492 INFO o.a.j.t.JMeterThread: Stopping: Thread Group 1-17
2023-09-19 13:41:02,492 WARN o.a.j.t.JMeterThread: Interrupting: Thread Group 1-17 sampler: HTTP Request
2023-09-19 13:41:02,492 INFO o.a.j.t.JMeterThread: Thread finished: Thread Group 1-13
2023-09-19 13:41:02,492 INFO o.a.j.t.JMeterThread: Stopping: Thread Group 1-40
2023-09-19 13:41:02,492 WARN o.a.j.t.JMeterThread: Interrupting: Thread Group 1-40 sampler: HTTP Request
2023-09-19 13:41:02,492 INFO o.a.j.t.JMeterThread: Thread finished: Thread Group 1-17
2023-09-19 13:41:02,492 INFO o.a.j.t.JMeterThread: Stopping: Thread Group 1-26
2023-09-19 13:41:02,493 WARN o.a.j.t.JMeterThread: Interrupting: Thread Group 1-26 sampler: HTTP Request
2023-09-19 13:41:02,493 INFO o.a.j.t.JMeterThread: Stopping: Thread Group 1-11
2023-09-19 13:41:02,493 WARN o.a.j.t.JMeterThread: Interrupting: Thread Group 1-11 sampler: HTTP Request
2023-09-19 13:41:02,493 INFO o.a.j.t.JMeterThread: Stopping: Thread Group 1-32
2023-09-19 13:41:02,493 WARN o.a.j.t.JMeterThread: Interrupting: Thread Group 1-32 sampler: HTTP Request
2023-09-19 13:41:02,493 INFO o.a.j.t.JMeterThread: Stopping: Thread Group 1-8
2023-09-19 13:41:02,493 WARN o.a.j.t.JMeterThread: Interrupting: Thread Group 1-8 sampler: HTTP Request
2023-09-19 13:41:02,494 INFO o.a.j.t.JMeterThread: Thread finished: Thread Group 1-11
2023-09-19 13:41:02,494 INFO o.a.j.t.JMeterThread: Thread finished: Thread Group 1-32
2023-09-19 13:41:02,494 INFO o.a.j.t.JMeterThread: Thread finished: Thread Group 1-26
2023-09-19 13:41:02,494 INFO o.a.j.t.JMeterThread: Thread finished: Thread Group 1-40
2023-09-19 13:41:02,494 INFO o.a.j.t.JMeterThread: Thread finished: Thread Group 1-8
2023-09-19 13:41:02,494 INFO o.a.j.e.StandardJMeterEngine: Notifying test listeners of end of test
2023-09-19 13:41:02,494 INFO o.a.j.g.u.JMeterMenuBar: setRunning(false, *local*)
